🩺 checking the health of your Storybook..

╭ Diagnostics ────────────────────────────────────────────────────────────────────────────────────────╮
│                                                                                                     │
│   Critical: The following dependencies are duplicated and WILL cause unexpected behavior:           │
│   @storybook/core-common:                                                                           │
│   7.6.10, 8.0.0-alpha.12                                                                            │
│                                                                                                     │
│   @storybook/core-events:                                                                           │
│   7.6.10, 8.0.0-alpha.12                                                                            │
│                                                                                                     │
│   @storybook/preview:                                                                               │
│   7.6.10, 8.0.0-alpha.12                                                                            │
│                                                                                                     │
│   @storybook/core-server:                                                                           │
│   7.6.10, 8.0.0-alpha.12                                                                            │
│                                                                                                     │
│   @storybook/manager:                                                                               │
│   7.6.10, 8.0.0-alpha.12                                                                            │
│                                                                                                     │
│                                                                                                     │
│   Attention: The following dependencies are duplicated which might cause unexpected behavior:       │
│   @storybook/node-logger:                                                                           │
│   7.6.10, 8.0.0-alpha.12                                                                            │
│                                                                                                     │
│   @storybook/types:                                                                                 │
│   7.6.10, 8.0.0-alpha.12                                                                            │
│                                                                                                     │
│   @storybook/channels:                                                                              │
│   7.6.10, 8.0.0-alpha.12                                                                            │
│                                                                                                     │
│   @storybook/csf-tools:                                                                             │
│   7.6.10, 8.0.0-alpha.12                                                                            │
│                                                                                                     │
│   @storybook/telemetry:                                                                             │
│   7.6.10, 8.0.0-alpha.12                                                                            │
│                                                                                                     │
│   @storybook/docs-tools:                                                                            │
│   7.6.10, 8.0.0-alpha.12                                                                            │
│                                                                                                     │
│   @storybook/react:                                                                                 │
│   7.6.10, 8.0.0-alpha.12                                                                            │
│                                                                                                     │
│   @storybook/react-dom-shim:                                                                        │
│   7.6.10, 8.0.0-alpha.12                                                                            │
│                                                                                                     │
│   @storybook/cli:                                                                                   │
│   7.6.10, 8.0.0-alpha.12                                                                            │
│                                                                                                     │
│   @storybook/codemod:                                                                               │
│   7.6.10, 8.0.0-alpha.12                                                                            │
│                                                                                                     │
│   @storybook/builder-manager:                                                                       │
│   7.6.10, 8.0.0-alpha.12                                                                            │
│                                                                                                     │
│   @storybook/docs-mdx:                                                                              │
│   0.1.0, 3.0.0                                                                                      │
│                                                                                                     │
│                                                                                                     │
│   You can find more information for a given dependency by running npm ls --depth=1 <package-name>   │
│                                                                                                     │
│                                                                                                     │
│   Please try de-duplicating these dependencies by running npm dedupe                                │
│                                                                                                     │
│   -------                                                                                           │
│                                                                                                     │
│   You can find the full logs in /home/raj/oss/akello/packages/react/doctor-storybook.log            │
│                                                                                                     │
╰─────────────────────────────────────────────────────────────────────────────────────────────────────╯

